No previous session data found.
Timestamp: 2024-12-12 14:44:41
Bot 14786993566 processed this batch:
Last joined link: https://t.me/bodybewarm
Last joined link position: 14
Total errors in this run: 0

Timestamp: 2025-10-14 17:03:29
Bot 14786993566 processed this batch:
Last joined link: https://t.me/+LEhwxBCtrFtUvePApN9SQw
Last joined link position: 28
Total errors in this run: 0

Timestamp: 2025-10-14 17:21:20
Bot 14786993566 processed this batch:
Last joined link: https://t.me/+LEhwxBCtrFtUvePApN9SQw
Last joined link position: 28
Total errors in this run: 0

Timestamp: 2025-10-15 12:07:51
Bot 14786993566 processed this batch:
Last joined link: https://t.me/joinchat/QrZyL6ckaAXJ2QPp
Last joined link position: 1
Total errors in this run: 0

