No previous session data found.
Timestamp: 2024-12-12 14:44:40
Bot 16814625315 processed this batch:
Last joined link: https://t.me/bodybewarm
Last joined link position: 14
Total errors in this run: 0

Timestamp: 2025-10-14 17:03:28
Bot 16814625315 processed this batch:
Last joined link: https://t.me/+LEhwxBCtrFtUvePApN9SQw
Last joined link position: 28
Total errors in this run: 0

Timestamp: 2025-10-14 17:21:19
Bot 16814625315 processed this batch:
Last joined link: https://t.me/+LEhwxBCtrFtUvePApN9SQw
Last joined link position: 28
Total errors in this run: 0

Timestamp: 2025-10-16 09:12:52
Bot 16814625315 processed this batch:
Last joined link: None
Last joined link position: 16
Total errors in this run: 0

