No previous session data found.
Timestamp: 2024-12-12 14:44:43
Bot 17193478803 processed this batch:
Last joined link: https://t.me/bodybewarm
Last joined link position: 14
Total errors in this run: 0

Timestamp: 2025-10-14 17:03:27
Bot 17193478803 processed this batch:
Last joined link: https://t.me/+LEhwxBCtrFtUvePApN9SQw
Last joined link position: 28
Total errors in this run: 0

Timestamp: 2025-10-14 17:21:18
Bot 17193478803 processed this batch:
Last joined link: https://t.me/+LEhwxBCtrFtUvePApN9SQw
Last joined link position: 28
Total errors in this run: 0

Timestamp: 2025-10-15 12:07:51
Bot 17193478803 processed this batch:
Last joined link: https://t.me/joinchat/QrZyL6ckaAXJ2QPp
Last joined link position: 1
Total errors in this run: 0

Timestamp: 2025-10-16 09:13:06
Bot 17193478803 processed this batch:
Last joined link: None
Last joined link position: 16
Total errors in this run: 0

Timestamp: 2025-10-16 10:12:55
Bot 17193478803 processed this batch:
Last joined link: None
Last joined link position: 16
Total errors in this run: 0

Timestamp: 2025-10-16 11:04:05
Bot 17193478803 processed this batch:
Last joined link: None
Last joined link position: 16
Total errors in this run: 0

