No previous session data found.
Timestamp: 2024-12-12 14:44:40
Bot 17623770066 processed this batch:
Last joined link: https://t.me/bodybewarm
Last joined link position: 14
Total errors in this run: 0

Timestamp: 2025-10-14 17:03:26
Bot 17623770066 processed this batch:
Last joined link: https://t.me/+LEhwxBCtrFtUvePApN9SQw
Last joined link position: 28
Total errors in this run: 0

Timestamp: 2025-10-14 17:21:19
Bot 17623770066 processed this batch:
Last joined link: https://t.me/+LEhwxBCtrFtUvePApN9SQw
Last joined link position: 28
Total errors in this run: 0

Timestamp: 2025-10-15 12:07:51
Bot 17623770066 processed this batch:
Last joined link: https://t.me/joinchat/QrZyL6ckaAXJ2QPp
Last joined link position: 1
Total errors in this run: 0

Timestamp: 2025-10-16 09:13:16
Bot 17623770066 processed this batch:
Last joined link: None
Last joined link position: 16
Total errors in this run: 0

Timestamp: 2025-10-16 10:13:06
Bot 17623770066 processed this batch:
Last joined link: None
Last joined link position: 16
Total errors in this run: 0

Timestamp: 2025-10-16 11:04:20
Bot 17623770066 processed this batch:
Last joined link: None
Last joined link position: 16
Total errors in this run: 0

