No previous session data found.
Timestamp: 2025-10-15 12:07:59
Bot 56950327583 processed this batch:
Last joined link: https://t.me/+EpOHwyOgaWc0MTA0
Last joined link position: 14
Total errors in this run: 0

Timestamp: 2025-10-16 09:12:54
Bot 56950327583 processed this batch:
Last joined link: None
Last joined link position: 16
Total errors in this run: 0

Timestamp: 2025-10-16 10:12:46
Bot 56950327583 processed this batch:
Last joined link: None
Last joined link position: 16
Total errors in this run: 0

Timestamp: 2025-10-16 11:03:43
Bot 56950327583 processed this batch:
Last joined link: None
Last joined link position: 16
Total errors in this run: 0

