No previous session data found.
Timestamp: 2025-10-15 12:07:58
Bot 56950235503 processed this batch:
Last joined link: https://t.me/+EpOHwyOgaWc0MTA0
Last joined link position: 14
Total errors in this run: 0

Timestamp: 2025-10-16 09:12:56
Bot 56950235503 processed this batch:
Last joined link: None
Last joined link position: 16
Total errors in this run: 0

Timestamp: 2025-10-16 10:12:47
Bot 56950235503 processed this batch:
Last joined link: None
Last joined link position: 16
Total errors in this run: 0

Timestamp: 2025-10-16 11:03:47
Bot 56950235503 processed this batch:
Last joined link: None
Last joined link position: 16
Total errors in this run: 0

